<?xml version="1.0" encoding="UTF-8"?>
<!-- Generated by org.testng.reporters.JUnitReportReporter -->
<testsuite hostname="SUNIL-HPZ400" failures="0" tests="1" name="test.LoginTest" time="0.287" errors="0" timestamp="2021-07-27T15:46:14 GST" skipped="0">
  <testcase classname="test.LoginTest" name="loginValidation" time="0.287"/>
  <system-out>
    <![CDATA[username = dan@gmail.com
password = test123]]>
  </system-out>
</testsuite> <!-- test.LoginTest -->
